<?xml version="1.0" encoding="UTF-8"?>
<!-- Generated by org.testng.reporters.JUnitReportReporter -->
<testsuite hostname="SPZMUMLAP0011" failures="0" tests="1" name="driver.JenkinsSetUp" time="0.235" errors="0" timestamp="2023-12-22T21:12:27 IST" skipped="0">
  <testcase classname="driver.JenkinsSetUp" name="setUp" time="0.235"/>
  <system-out/>
</testsuite> <!-- driver.JenkinsSetUp -->
